2025-04-09 10:17:55.336 [main] INFO  com.epam.listeners.GlobalListener - Test execution started [TestClass name=class com.epam.tests.login.LoginTest] 1744174075324ms
2025-04-09 10:17:56.196 [main] INFO  com.epam.listeners.GlobalListener - Test execution successful [TestClass name=class com.epam.tests.login.LoginTest] 871ms
2025-04-09 10:17:56.270 [main] INFO  com.epam.listeners.GlobalListener - Test execution started [TestClass name=class com.epam.tests.login.LoginTest] 1744174076269ms
2025-04-09 10:17:57.380 [main] INFO  com.epam.listeners.GlobalListener - Test execution successful [TestClass name=class com.epam.tests.login.LoginTest] 1111ms
2025-04-09 10:17:57.380 [main] INFO  com.epam.listeners.GlobalListener - Test execution started [TestClass name=class com.epam.tests.login.LoginTest] 1744174077380ms
2025-04-09 10:17:58.384 [main] INFO  com.epam.listeners.GlobalListener - Test execution successful [TestClass name=class com.epam.tests.login.LoginTest] 1004ms
2025-04-09 10:18:20.479 [main] INFO  com.epam.listeners.GlobalListener - Test execution started [TestClass name=class com.epam.tests.login.LoginTest] 1744174100472ms
2025-04-09 10:18:20.809 [main] INFO  com.epam.listeners.GlobalListener - Test execution successful [TestClass name=class com.epam.tests.login.LoginTest] 325ms
2025-04-09 10:18:20.853 [main] INFO  com.epam.listeners.GlobalListener - Test execution started [TestClass name=class com.epam.tests.login.LoginTest] 1744174100853ms
2025-04-09 10:18:22.115 [main] INFO  com.epam.listeners.GlobalListener - Test execution successful [TestClass name=class com.epam.tests.login.LoginTest] 1262ms
2025-04-09 10:18:22.115 [main] INFO  com.epam.listeners.GlobalListener - Test execution started [TestClass name=class com.epam.tests.login.LoginTest] 1744174102115ms
2025-04-09 10:18:23.087 [main] INFO  com.epam.listeners.GlobalListener - Test execution successful [TestClass name=class com.epam.tests.login.LoginTest] 972ms
2025-04-09 10:18:45.031 [main] INFO  com.epam.listeners.GlobalListener - Test execution started [TestClass name=class com.epam.tests.login.LoginTest] 1744174125027ms
2025-04-09 10:18:45.300 [main] INFO  com.epam.listeners.GlobalListener - Test execution successful [TestClass name=class com.epam.tests.login.LoginTest] 271ms
2025-04-09 10:18:45.352 [main] INFO  com.epam.listeners.GlobalListener - Test execution started [TestClass name=class com.epam.tests.login.LoginTest] 1744174125352ms
2025-04-09 10:18:50.966 [main] ERROR com.epam.listeners.GlobalListener - Test execution failed [TestClass name=class com.epam.tests.login.LoginTest] 5610ms 2
2025-04-09 10:18:50.984 [main] INFO  com.epam.listeners.GlobalListener - Test execution started [TestClass name=class com.epam.tests.login.LoginTest] 1744174130984ms
2025-04-09 10:18:51.285 [main] ERROR com.epam.listeners.GlobalListener - Test execution failed [TestClass name=class com.epam.tests.login.LoginTest] 301ms 2
2025-04-09 10:31:45.144 [main] INFO  com.epam.listeners.GlobalListener - Test execution started [TestClass name=class com.epam.tests.login.LoginTest] 1744174905139ms
2025-04-09 10:31:46.225 [main] INFO  com.epam.listeners.GlobalListener - Test execution successful [TestClass name=class com.epam.tests.login.LoginTest] 1084ms
2025-04-09 10:31:46.249 [main] INFO  com.epam.listeners.GlobalListener - Test execution started [TestClass name=class com.epam.tests.login.LoginTest] 1744174906249ms
2025-04-09 10:31:47.247 [main] INFO  com.epam.listeners.GlobalListener - Test execution successful [TestClass name=class com.epam.tests.login.LoginTest] 998ms
2025-04-09 10:31:47.248 [main] INFO  com.epam.listeners.GlobalListener - Test execution started [TestClass name=class com.epam.tests.login.LoginTest] 1744174907248ms
2025-04-09 10:31:48.282 [main] INFO  com.epam.listeners.GlobalListener - Test execution successful [TestClass name=class com.epam.tests.login.LoginTest] 1034ms
2025-04-09 10:32:05.782 [main] INFO  com.epam.listeners.GlobalListener - Test execution started [TestClass name=class com.epam.tests.login.LoginTest] 1744174925776ms
2025-04-09 10:32:06.088 [main] INFO  com.epam.listeners.GlobalListener - Test execution successful [TestClass name=class com.epam.tests.login.LoginTest] 309ms
2025-04-09 10:32:06.144 [main] INFO  com.epam.listeners.GlobalListener - Test execution started [TestClass name=class com.epam.tests.login.LoginTest] 1744174926144ms
2025-04-09 10:32:11.774 [main] ERROR com.epam.listeners.GlobalListener - Test execution failed [TestClass name=class com.epam.tests.login.LoginTest] 5629ms 2
2025-04-09 10:32:11.788 [main] INFO  com.epam.listeners.GlobalListener - Test execution started [TestClass name=class com.epam.tests.login.LoginTest] 1744174931787ms
2025-04-09 10:32:12.083 [main] ERROR com.epam.listeners.GlobalListener - Test execution failed [TestClass name=class com.epam.tests.login.LoginTest] 296ms 2
2025-04-09 10:34:17.821 [main] INFO  com.epam.listeners.GlobalListener - Test execution started [TestClass name=class com.epam.tests.login.LoginTest] 1744175057816ms
2025-04-09 10:34:18.937 [main] INFO  com.epam.listeners.GlobalListener - Test execution successful [TestClass name=class com.epam.tests.login.LoginTest] 1119ms
2025-04-09 10:34:18.965 [main] INFO  com.epam.listeners.GlobalListener - Test execution started [TestClass name=class com.epam.tests.login.LoginTest] 1744175058964ms
2025-04-09 10:34:19.987 [main] INFO  com.epam.listeners.GlobalListener - Test execution successful [TestClass name=class com.epam.tests.login.LoginTest] 1023ms
2025-04-09 10:34:19.989 [main] INFO  com.epam.listeners.GlobalListener - Test execution started [TestClass name=class com.epam.tests.login.LoginTest] 1744175059989ms
2025-04-09 10:34:21.023 [main] INFO  com.epam.listeners.GlobalListener - Test execution successful [TestClass name=class com.epam.tests.login.LoginTest] 1034ms
2025-04-09 10:40:53.330 [TestNG-tests-1] INFO  com.epam.listeners.GlobalListener - Test execution started [TestClass name=class com.epam.tests.register.RegistrationTest] 1744175453318ms
2025-04-09 10:40:53.646 [TestNG-tests-2] INFO  com.epam.listeners.GlobalListener - Test execution started [TestClass name=class com.epam.tests.login.LoginTest] 1744175453646ms
2025-04-09 10:40:54.464 [TestNG-tests-1] INFO  com.epam.listeners.GlobalListener - Test execution successful [TestClass name=class com.epam.tests.register.RegistrationTest] 1145ms
2025-04-09 10:40:54.762 [TestNG-tests-2] INFO  com.epam.listeners.GlobalListener - Test execution successful [TestClass name=class com.epam.tests.login.LoginTest] 1116ms
2025-04-09 10:40:54.785 [TestNG-tests-2] INFO  com.epam.listeners.GlobalListener - Test execution started [TestClass name=class com.epam.tests.login.LoginTest] 1744175454785ms
2025-04-09 10:40:55.807 [TestNG-tests-2] INFO  com.epam.listeners.GlobalListener - Test execution successful [TestClass name=class com.epam.tests.login.LoginTest] 1021ms
2025-04-09 10:40:55.808 [TestNG-tests-2] INFO  com.epam.listeners.GlobalListener - Test execution started [TestClass name=class com.epam.tests.login.LoginTest] 1744175455807ms
2025-04-09 10:40:56.907 [TestNG-tests-2] INFO  com.epam.listeners.GlobalListener - Test execution successful [TestClass name=class com.epam.tests.login.LoginTest] 1100ms
2025-04-09 10:41:28.000 [TestNG-tests-2] INFO  com.epam.listeners.GlobalListener - Test execution started [TestClass name=class com.epam.tests.login.LoginTest] 1744175487993ms
2025-04-09 10:41:28.332 [TestNG-tests-1] INFO  com.epam.listeners.GlobalListener - Test execution started [TestClass name=class com.epam.tests.register.RegistrationTest] 1744175488332ms
2025-04-09 10:41:28.983 [TestNG-tests-2] INFO  com.epam.listeners.GlobalListener - Test execution successful [TestClass name=class com.epam.tests.login.LoginTest] 987ms
2025-04-09 10:41:29.075 [TestNG-tests-2] INFO  com.epam.listeners.GlobalListener - Test execution started [TestClass name=class com.epam.tests.login.LoginTest] 1744175489074ms
2025-04-09 10:41:29.598 [TestNG-tests-1] INFO  com.epam.listeners.GlobalListener - Test execution successful [TestClass name=class com.epam.tests.register.RegistrationTest] 1265ms
2025-04-09 10:41:30.864 [TestNG-tests-2] INFO  com.epam.listeners.GlobalListener - Test execution successful [TestClass name=class com.epam.tests.login.LoginTest] 1789ms
2025-04-09 10:41:30.865 [TestNG-tests-2] INFO  com.epam.listeners.GlobalListener - Test execution started [TestClass name=class com.epam.tests.login.LoginTest] 1744175490865ms
2025-04-09 10:41:32.204 [TestNG-tests-2] INFO  com.epam.listeners.GlobalListener - Test execution successful [TestClass name=class com.epam.tests.login.LoginTest] 1339ms
